2020-06-23 17:34:06,844 [Worker-1] INFO  c.g.t.t.d.PublishedGradleVersions - Gradle version information cache is up-to-date. Trying to read.
2020-06-23 17:34:21,715 [Worker-10] INFO  o.e.m.c.i.l.LifecycleMappingFactory - Using org.eclipse.m2e.jdt.JarLifecycleMapping lifecycle mapping for MavenProject: spring:baeldungProject:0.0.1-SNAPSHOT @ D:\Hibernet_Spring_Test\baeldungProject\pom.xml.
2020-06-23 17:34:24,056 [Worker-10] INFO  o.e.m.c.i.l.LifecycleMappingFactory - Using org.eclipse.m2e.jdt.JarLifecycleMapping lifecycle mapping for MavenProject: com.DZone.example:spring-boot-rest-2:0.0.1-SNAPSHOT @ D:\Hibernet_Spring_Test\hibernat-spring-boot-rest-2\pom.xml.
2020-06-23 17:34:25,020 [Worker-10] INFO  o.e.m.c.i.l.LifecycleMappingFactory - Using org.eclipse.m2e.jdt.JarLifecycleMapping lifecycle mapping for MavenProject: com.howtodoinjava:howtodoinjava-helloworld:0.0.1-SNAPSHOT @ D:\Hibernet_Spring_Test\howtodoinjava-helloworld\pom.xml.
2020-06-23 17:34:26,385 [Worker-10] WARN  o.e.m.c.i.embedder.EclipseLogger - The artifact antlr:antlr:jar:3.0b5 has been relocated to org.antlr:antlr:jar:3.0b5
2020-06-23 17:34:30,918 [Worker-10] INFO  o.e.m.c.i.l.LifecycleMappingFactory - Using org.eclipse.m2e.jdt.JarLifecycleMapping lifecycle mapping for MavenProject: com.howtodoinjava.demo:springbootdemo:0.0.1-SNAPSHOT @ D:\Hibernet_Spring_Test\howtodoinjava-springbootdemo\pom.xml.
2020-06-23 17:34:46,987 [Worker-10] INFO  o.e.m.c.i.l.LifecycleMappingFactory - Using org.eclipse.m2e.jdt.JarLifecycleMapping lifecycle mapping for MavenProject: com.example:demo:0.0.1-SNAPSHOT @ D:\Hibernet_Spring_Test\java4s-demo\pom.xml.
2020-06-23 17:34:47,877 [Worker-10] INFO  o.e.m.c.i.l.LifecycleMappingFactory - Using org.eclipse.m2e.jdt.JarLifecycleMapping lifecycle mapping for MavenProject: com.hibernate.example:springbootHibernate:0.0.1-SNAPSHOT @ D:\Hibernet_Spring_Test\javaguides-springboot-JPA-OTO-example\pom.xml.
2020-06-23 17:34:50,213 [Worker-10] INFO  o.e.m.c.i.l.LifecycleMappingFactory - Using org.eclipse.m2e.jdt.JarLifecycleMapping lifecycle mapping for MavenProject: com.example:demo-1:0.0.1-SNAPSHOT @ D:\Hibernet_Spring_Test\journaldev-demo-1\pom.xml.
2020-06-23 17:34:50,500 [Worker-10] INFO  o.e.m.c.i.l.LifecycleMappingFactory - Using org.eclipse.m2e.jdt.JarLifecycleMapping lifecycle mapping for MavenProject: com:spring-dependency-injection:0.0.1-SNAPSHOT @ D:\Hibernet_Spring_Test\journaldev-spring-dependency-injection\pom.xml.
2020-06-23 17:34:50,778 [Worker-10] INFO  o.e.m.c.i.l.LifecycleMappingFactory - Using org.eclipse.m2e.jdt.JarLifecycleMapping lifecycle mapping for MavenProject: com.example:journaldev-web-beanscope:0.0.1-SNAPSHOT @ D:\Hibernet_Spring_Test\journaldev-web-beanscope\pom.xml.
2020-06-23 17:34:50,909 [Worker-10] INFO  o.e.m.c.i.l.LifecycleMappingFactory - Using org.eclipse.m2e.jdt.JarLifecycleMapping lifecycle mapping for MavenProject: com.telusko:demohib:0.0.1-SNAPSHOT @ D:\Hibernet_Spring_Test\telusko-demohib\pom.xml.
2020-06-23 17:34:51,331 [Worker-10] INFO  o.e.m.c.i.l.LifecycleMappingFactory - Using org.eclipse.m2e.jdt.JarLifecycleMapping lifecycle mapping for MavenProject: com.telusko:telusko-spring-data-mvc-SB:0.0.1-SNAPSHOT @ D:\Hibernet_Spring_Test\telusko-spring-data-mvc-SB\pom.xml.
2020-06-23 17:34:51,766 [Worker-10] INFO  o.e.m.c.i.l.LifecycleMappingFactory - Using org.eclipse.m2e.jdt.JarLifecycleMapping lifecycle mapping for MavenProject: com.telusko:telusko-spring-data-mvc-SB-1:0.0.1-SNAPSHOT @ D:\Hibernet_Spring_Test\telusko-spring-data-mvc-SB-1\pom.xml.
2020-06-23 17:35:08,435 [Worker-27] INFO  o.e.m.c.i.embedder.EclipseLogger - Using 'UTF-8' encoding to copy filtered resources.
2020-06-23 17:35:08,435 [Worker-27] INFO  o.e.m.c.i.embedder.EclipseLogger - skip non existing resourceDirectory D:\Hibernet_Spring_Test\baeldungProject\src\main\resources
2020-06-23 17:35:08,441 [Worker-27] INFO  o.e.m.c.i.embedder.EclipseLogger - Using 'UTF-8' encoding to copy filtered resources.
2020-06-23 17:35:08,442 [Worker-27] INFO  o.e.m.c.i.embedder.EclipseLogger - skip non existing resourceDirectory D:\Hibernet_Spring_Test\baeldungProject\src\test\resources
2020-06-23 17:35:12,205 [Worker-27] INFO  o.e.m.c.i.embedder.EclipseLogger - Using 'UTF-8' encoding to copy filtered resources.
2020-06-23 17:35:12,214 [Worker-27] INFO  o.e.m.c.i.embedder.EclipseLogger - Copying 1 resource
2020-06-23 17:35:12,242 [Worker-27] INFO  o.e.m.c.i.embedder.EclipseLogger - Copying 0 resource
2020-06-23 17:35:12,247 [Worker-27] INFO  o.e.m.c.i.embedder.EclipseLogger - Using 'UTF-8' encoding to copy filtered resources.
2020-06-23 17:35:12,247 [Worker-27] INFO  o.e.m.c.i.embedder.EclipseLogger - skip non existing resourceDirectory D:\Hibernet_Spring_Test\hibernat-spring-boot-rest-2\src\test\resources
2020-06-23 17:35:13,103 [Worker-27] WARN  o.e.m.c.i.embedder.EclipseLogger - The artifact antlr:antlr:jar:3.0b5 has been relocated to org.antlr:antlr:jar:3.0b5
2020-06-23 17:35:13,157 [Worker-27] INFO  o.e.m.c.i.embedder.EclipseLogger - Using 'UTF-8' encoding to copy filtered resources.
2020-06-23 17:35:13,158 [Worker-27] INFO  o.e.m.c.i.embedder.EclipseLogger - skip non existing resourceDirectory D:\Hibernet_Spring_Test\howtodoinjava-helloworld\src\main\resources
2020-06-23 17:35:13,161 [Worker-27] INFO  o.e.m.c.i.embedder.EclipseLogger - Using 'UTF-8' encoding to copy filtered resources.
2020-06-23 17:35:13,162 [Worker-27] INFO  o.e.m.c.i.embedder.EclipseLogger - skip non existing resourceDirectory D:\Hibernet_Spring_Test\howtodoinjava-helloworld\src\test\resources
2020-06-23 17:35:14,872 [Worker-27] INFO  o.e.m.c.i.embedder.EclipseLogger - Using 'UTF-8' encoding to copy filtered resources.
2020-06-23 17:35:14,872 [Worker-27] INFO  o.e.m.c.i.embedder.EclipseLogger - skip non existing resourceDirectory D:\Hibernet_Spring_Test\howtodoinjava-springbootdemo\src\main\resources
2020-06-23 17:35:14,872 [Worker-27] INFO  o.e.m.c.i.embedder.EclipseLogger - skip non existing resourceDirectory D:\Hibernet_Spring_Test\howtodoinjava-springbootdemo\src\main\resources
2020-06-23 17:35:14,878 [Worker-27] INFO  o.e.m.c.i.embedder.EclipseLogger - Using 'UTF-8' encoding to copy filtered resources.
2020-06-23 17:35:14,878 [Worker-27] INFO  o.e.m.c.i.embedder.EclipseLogger - skip non existing resourceDirectory D:\Hibernet_Spring_Test\howtodoinjava-springbootdemo\src\test\resources
2020-06-23 17:35:16,609 [Worker-9] INFO  o.e.m.c.i.embedder.EclipseLogger - Using 'UTF-8' encoding to copy filtered resources.
2020-06-23 17:35:16,616 [Worker-9] INFO  o.e.m.c.i.embedder.EclipseLogger - Copying 1 resource
2020-06-23 17:35:16,673 [Worker-9] INFO  o.e.m.c.i.embedder.EclipseLogger - Copying 0 resource
2020-06-23 17:35:16,678 [Worker-9] INFO  o.e.m.c.i.embedder.EclipseLogger - Using 'UTF-8' encoding to copy filtered resources.
2020-06-23 17:35:16,681 [Worker-9] INFO  o.e.m.c.i.embedder.EclipseLogger - skip non existing resourceDirectory D:\Hibernet_Spring_Test\java4s-demo\src\test\resources
2020-06-23 17:35:19,862 [Worker-20] INFO  o.e.m.c.i.embedder.EclipseLogger - Using 'UTF-8' encoding to copy filtered resources.
2020-06-23 17:35:19,863 [Worker-20] INFO  o.e.m.c.i.embedder.EclipseLogger - Copying 1 resource
2020-06-23 17:35:19,866 [Worker-20] INFO  o.e.m.c.i.embedder.EclipseLogger - Copying 0 resource
2020-06-23 17:35:19,874 [Worker-20] INFO  o.e.m.c.i.embedder.EclipseLogger - Using 'UTF-8' encoding to copy filtered resources.
2020-06-23 17:35:19,876 [Worker-20] INFO  o.e.m.c.i.embedder.EclipseLogger - skip non existing resourceDirectory D:\Hibernet_Spring_Test\javaguides-springboot-JPA-OTO-example\src\test\resources
2020-06-23 17:35:23,284 [Worker-8] INFO  o.e.m.c.i.embedder.EclipseLogger - Using 'UTF-8' encoding to copy filtered resources.
2020-06-23 17:35:23,286 [Worker-8] INFO  o.e.m.c.i.embedder.EclipseLogger - Copying 1 resource
2020-06-23 17:35:23,316 [Worker-8] INFO  o.e.m.c.i.embedder.EclipseLogger - Copying 0 resource
2020-06-23 17:35:23,320 [Worker-8] INFO  o.e.m.c.i.embedder.EclipseLogger - Using 'UTF-8' encoding to copy filtered resources.
2020-06-23 17:35:23,320 [Worker-8] INFO  o.e.m.c.i.embedder.EclipseLogger - skip non existing resourceDirectory D:\Hibernet_Spring_Test\journaldev-demo-1\src\test\resources
2020-06-23 17:35:25,333 [Worker-24] INFO  o.e.m.c.i.embedder.EclipseLogger - Using 'UTF-8' encoding to copy filtered resources.
2020-06-23 17:35:25,334 [Worker-24] INFO  o.e.m.c.i.embedder.EclipseLogger - skip non existing resourceDirectory D:\Hibernet_Spring_Test\journaldev-spring-dependency-injection\src\main\resources
2020-06-23 17:35:25,337 [Worker-24] INFO  o.e.m.c.i.embedder.EclipseLogger - Using 'UTF-8' encoding to copy filtered resources.
2020-06-23 17:35:25,338 [Worker-24] INFO  o.e.m.c.i.embedder.EclipseLogger - skip non existing resourceDirectory D:\Hibernet_Spring_Test\journaldev-spring-dependency-injection\src\test\resources
2020-06-23 17:35:27,807 [Worker-13] INFO  o.e.m.c.i.embedder.EclipseLogger - Using 'UTF-8' encoding to copy filtered resources.
2020-06-23 17:35:27,810 [Worker-13] INFO  o.e.m.c.i.embedder.EclipseLogger - Copying 1 resource
2020-06-23 17:35:27,813 [Worker-13] INFO  o.e.m.c.i.embedder.EclipseLogger - Copying 0 resource
2020-06-23 17:35:27,832 [Worker-13] INFO  o.e.m.c.i.embedder.EclipseLogger - Using 'UTF-8' encoding to copy filtered resources.
2020-06-23 17:35:27,832 [Worker-13] INFO  o.e.m.c.i.embedder.EclipseLogger - skip non existing resourceDirectory D:\Hibernet_Spring_Test\journaldev-web-beanscope\src\test\resources
2020-06-23 17:35:29,117 [Worker-15] INFO  o.e.m.c.i.embedder.EclipseLogger - Using 'UTF-8' encoding to copy filtered resources.
2020-06-23 17:35:29,118 [Worker-15] INFO  o.e.m.c.i.embedder.EclipseLogger - skip non existing resourceDirectory D:\Hibernet_Spring_Test\telusko-demohib\src\main\resources
2020-06-23 17:35:29,125 [Worker-15] INFO  o.e.m.c.i.embedder.EclipseLogger - Using 'UTF-8' encoding to copy filtered resources.
2020-06-23 17:35:29,126 [Worker-15] INFO  o.e.m.c.i.embedder.EclipseLogger - skip non existing resourceDirectory D:\Hibernet_Spring_Test\telusko-demohib\src\test\resources
2020-06-23 17:35:32,580 [Worker-15] INFO  o.e.m.c.i.embedder.EclipseLogger - Using 'UTF-8' encoding to copy filtered resources.
2020-06-23 17:35:32,581 [Worker-15] INFO  o.e.m.c.i.embedder.EclipseLogger - Copying 1 resource
2020-06-23 17:35:32,584 [Worker-15] INFO  o.e.m.c.i.embedder.EclipseLogger - Copying 0 resource
2020-06-23 17:35:32,603 [Worker-15] INFO  o.e.m.c.i.embedder.EclipseLogger - Using 'UTF-8' encoding to copy filtered resources.
2020-06-23 17:35:32,604 [Worker-15] INFO  o.e.m.c.i.embedder.EclipseLogger - skip non existing resourceDirectory D:\Hibernet_Spring_Test\telusko-spring-data-mvc-SB\src\test\resources
2020-06-23 17:35:33,820 [Worker-26] INFO  o.e.m.c.i.embedder.EclipseLogger - Using 'UTF-8' encoding to copy filtered resources.
2020-06-23 17:35:33,821 [Worker-26] INFO  o.e.m.c.i.embedder.EclipseLogger - Copying 1 resource
2020-06-23 17:35:33,823 [Worker-26] INFO  o.e.m.c.i.embedder.EclipseLogger - Copying 0 resource
2020-06-23 17:35:33,828 [Worker-26] INFO  o.e.m.c.i.embedder.EclipseLogger - Using 'UTF-8' encoding to copy filtered resources.
2020-06-23 17:35:33,828 [Worker-26] INFO  o.e.m.c.i.embedder.EclipseLogger - skip non existing resourceDirectory D:\Hibernet_Spring_Test\telusko-spring-data-mvc-SB-1\src\test\resources
2020-06-23 17:39:54,557 [Worker-4] INFO  c.g.t.t.d.PublishedGradleVersions - Gradle version information cache is up-to-date. Trying to read.
2020-06-23 17:41:18,805 [Worker-8] WARN  o.e.r.models.ModelRepository - Failed to download org.eclipse.recommenders:index::zip:0.0.0
org.eclipse.aether.resolution.ArtifactResolutionException: Could not find artifact org.eclipse.recommenders:index:zip:0.0.0-SNAPSHOT in models (http://download.eclipse.org/recommenders/models/oxygen/)
	at org.eclipse.aether.internal.impl.DefaultArtifactResolver.resolve(DefaultArtifactResolver.java:453) ~[na:na]
	at org.eclipse.aether.internal.impl.DefaultArtifactResolver.resolveArtifacts(DefaultArtifactResolver.java:255) ~[na:na]
	at org.eclipse.aether.internal.impl.DefaultArtifactResolver.resolveArtifact(DefaultArtifactResolver.java:232) ~[na:na]
	at org.eclipse.aether.internal.impl.DefaultRepositorySystem.resolveArtifact(DefaultRepositorySystem.java:303) ~[na:na]
	at org.eclipse.recommenders.models.ModelRepository.resolveInternal(ModelRepository.java:193) [org.eclipse.recommenders.models_2.4.10.v20170911-1410.jar:na]
	at org.eclipse.recommenders.models.ModelRepository.resolve(ModelRepository.java:172) [org.eclipse.recommenders.models_2.4.10.v20170911-1410.jar:na]
	at org.eclipse.recommenders.internal.models.rcp.EclipseModelRepository.resolve(EclipseModelRepository.java:168) [org.eclipse.recommenders.models.rcp_2.4.10.v20170911-1410.jar:na]
	at org.eclipse.recommenders.internal.models.rcp.DownloadModelArchiveJob.run(DownloadModelArchiveJob.java:76) [org.eclipse.recommenders.models.rcp_2.4.10.v20170911-1410.jar:na]
	at org.eclipse.core.internal.jobs.Worker.run(Worker.java:56) [org.eclipse.core.jobs_3.9.1.v20170714-0547.jar:na]
Caused by: org.eclipse.aether.transfer.ArtifactNotFoundException: Could not find artifact org.eclipse.recommenders:index:zip:0.0.0-SNAPSHOT in models (http://download.eclipse.org/recommenders/models/oxygen/)
	at org.eclipse.aether.connector.basic.ArtifactTransportListener.transferFailed(ArtifactTransportListener.java:48) ~[org.apache.maven.resolver.connector.basic_1.0.3.v20170405-0725.jar:1.0.3]
	at org.eclipse.aether.connector.basic.BasicRepositoryConnector$TaskRunner.run(BasicRepositoryConnector.java:364) ~[org.apache.maven.resolver.connector.basic_1.0.3.v20170405-0725.jar:1.0.3]
	at org.eclipse.aether.util.concurrency.RunnableErrorForwarder$1.run(RunnableErrorForwarder.java:76) ~[na:na]
	at org.eclipse.aether.connector.basic.BasicRepositoryConnector$DirectExecutor.execute(BasicRepositoryConnector.java:590) ~[org.apache.maven.resolver.connector.basic_1.0.3.v20170405-0725.jar:1.0.3]
	at org.eclipse.aether.connector.basic.BasicRepositoryConnector.get(BasicRepositoryConnector.java:258) ~[org.apache.maven.resolver.connector.basic_1.0.3.v20170405-0725.jar:1.0.3]
	at org.eclipse.aether.internal.impl.DefaultArtifactResolver.performDownloads(DefaultArtifactResolver.java:529) ~[na:na]
	at org.eclipse.aether.internal.impl.DefaultArtifactResolver.resolve(DefaultArtifactResolver.java:430) ~[na:na]
	... 8 common frames omitted
2020-06-23 17:41:31,620 [Worker-15] INFO  o.e.m.c.i.embedder.EclipseLogger - Using 'UTF-8' encoding to copy filtered resources.
2020-06-23 17:41:31,620 [Worker-15] INFO  o.e.m.c.i.embedder.EclipseLogger - skip non existing resourceDirectory D:\Hibernet_Spring_Test\telusko-demohib\src\main\resources
2020-06-23 17:41:31,626 [Worker-15] INFO  o.e.m.c.i.embedder.EclipseLogger - Using 'UTF-8' encoding to copy filtered resources.
2020-06-23 17:41:31,626 [Worker-15] INFO  o.e.m.c.i.embedder.EclipseLogger - skip non existing resourceDirectory D:\Hibernet_Spring_Test\telusko-demohib\src\test\resources
2020-06-23 17:43:42,303 [Worker-4] WARN  o.e.m.c.i.embedder.EclipseLogger - The artifact antlr:antlr:jar:3.0b5 has been relocated to org.antlr:antlr:jar:3.0b5
